Start testing: Jul 08 12:50 PDT
----------------------------------------------------------
1/1 Testing: test_snn
1/1 Test: test_snn
Command: "/mnt/c/code/snn/build-omp/test_snn"
Directory: /mnt/c/code/snn/build-omp
"test_snn" start time: Jul 08 12:50 PDT
Output:
----------------------------------------------------------
all tests passed
<end of output>
Test time =   6.48 sec
----------------------------------------------------------
Test Passed.
"test_snn" end time: Jul 08 12:50 PDT
"test_snn" time elapsed: 00:00:06
----------------------------------------------------------

End testing: Jul 08 12:50 PDT
